# JRE version: Java(TM) SE Runtime Environment (22.0.1+8) (build 22.0.1+8-16)
# Java VM: Java HotSpot(TM) 64-Bit Server VM (22.0.1+8-16, mixed mode, emulated-client, sharing, tiered, compressed oops, compressed class ptrs, g1 gc, windows-amd64)
GC Precious Log:
 CardTable entry size: 512
 Card Set container configuration: InlinePtr #cards 5 size 8 Array Of Cards #cards 12 size 40 Howl #buckets 4 coarsen threshold 1843 Howl Bitmap #cards 512 size 80 coarsen threshold 460 Card regions per heap region 1 cards per card region 2048
 CPUs: 8 total, 8 available
 Memory: 7886M
 Large Page Support: Disabled
 NUMA Support: Disabled
 Compressed Oops: Enabled (32-bit)
 Heap Region Size: 1M
 Heap Min Capacity: 8M
 Heap Initial Capacity: 124M
 Heap Max Capacity: 1972M
 Pre-touch: Disabled
 Parallel Workers: 8
 Concurrent Workers: 2
 Concurrent Refinement Workers: 8
 Periodic GC: Disabled
Heap:
 garbage-first heap   total reserved 2019328K, committed 84992K, used 60069K [0x0000000084c00000, 0x0000000100000000)
  region size 1024K, 24 young (24576K), 1 survivors (1024K)
 Metaspace       used 77262K, committed 78080K, reserved 1179648K
  class space    used 11367K, committed 11712K, reserved 1048576K
GC Heap History (20 events):
Event: 30.767 GC heap before
{Heap before GC invocations=49 (full 0):
 garbage-first heap   total reserved 2019328K, committed 84992K, used 76222K [0x0000000084c00000, 0x0000000100000000)
  region size 1024K, 39 young (39936K), 2 survivors (2048K)
 Metaspace       used 77261K, committed 78080K, reserved 1179648K
  class space    used 11367K, committed 11712K, reserved 1048576K
}
Event: 30.771 GC heap after
{Heap after GC invocations=50 (full 0):
 garbage-first heap   total reserved 2019328K, committed 84992K, used 38881K [0x0000000084c00000, 0x0000000100000000)
  region size 1024K, 2 young (2048K), 2 survivors (2048K)
 Metaspace       used 77261K, committed 78080K, reserved 1179648K
  class space    used 11367K, committed 11712K, reserved 1048576K
}
Event: 31.680 GC heap before
{Heap before GC invocations=50 (full 0):
 garbage-first heap   total reserved 2019328K, committed 84992K, used 75745K [0x0000000084c00000, 0x0000000100000000)
  region size 1024K, 39 young (39936K), 2 survivors (2048K)
 Metaspace       used 77261K, committed 78080K, reserved 1179648K
  class space    used 11367K, committed 11712K, reserved 1048576K
}
Event: 31.682 GC heap after
{Heap after GC invocations=51 (full 0):
 garbage-first heap   total reserved 2019328K, committed 84992K, used 39112K [0x0000000084c00000, 0x0000000100000000)
  region size 1024K, 1 young (1024K), 1 survivors (1024K)
 Metaspace       used 77261K, committed 78080K, reserved 1179648K
  class space    used 11367K, committed 11712K, reserved 1048576K
}
Event: 32.700 GC heap before
{Heap before GC invocations=52 (full 0):
 garbage-first heap   total reserved 2019328K, committed 84992K, used 77000K [0x0000000084c00000, 0x0000000100000000)
  region size 1024K, 39 young (39936K), 1 survivors (1024K)
 Metaspace       used 77262K, committed 78080K, reserved 1179648K
  class space    used 11367K, committed 11712K, reserved 1048576K
}
Event: 32.702 GC heap after
{Heap after GC invocations=53 (full 0):
 garbage-first heap   total reserved 2019328K, committed 84992K, used 39132K [0x0000000084c00000, 0x0000000100000000)
  region size 1024K, 1 young (1024K), 1 survivors (1024K)
 Metaspace       used 77262K, committed 78080K, reserved 1179648K
  class space    used 11367K, committed 11712K, reserved 1048576K
}
Event: 33.783 GC heap before
{Heap before GC invocations=53 (full 0):
 garbage-first heap   total reserved 2019328K, committed 84992K, used 75996K [0x0000000084c00000, 0x0000000100000000)
  region size 1024K, 38 young (38912K), 1 survivors (1024K)
 Metaspace       used 77262K, committed 78080K, reserved 1179648K
  class space    used 11367K, committed 11712K, reserved 1048576K
}
Event: 33.786 GC heap after
{Heap after GC invocations=54 (full 0):
 garbage-first heap   total reserved 2019328K, committed 84992K, used 38830K [0x0000000084c00000, 0x0000000100000000)
  region size 1024K, 1 young (1024K), 1 survivors (1024K)
 Metaspace       used 77262K, committed 78080K, reserved 1179648K
  class space    used 11367K, committed 11712K, reserved 1048576K
}
Event: 34.933 GC heap before
{Heap before GC invocations=54 (full 0):
 garbage-first heap   total reserved 2019328K, committed 84992K, used 76718K [0x0000000084c00000, 0x0000000100000000)
  region size 1024K, 39 young (39936K), 1 survivors (1024K)
 Metaspace       used 77262K, committed 78080K, reserved 1179648K
  class space    used 11367K, committed 11712K, reserved 1048576K
}
Event: 34.935 GC heap after
{Heap after GC invocations=55 (full 0):
 garbage-first heap   total reserved 2019328K, committed 84992K, used 38918K [0x0000000084c00000, 0x0000000100000000)
  region size 1024K, 1 young (1024K), 1 survivors (1024K)
 Metaspace       used 77262K, committed 78080K, reserved 1179648K
  class space    used 11367K, committed 11712K, reserved 1048576K
}
Event: 36.349 GC heap before
{Heap before GC invocations=56 (full 0):
 garbage-first heap   total reserved 2019328K, committed 84992K, used 76806K [0x0000000084c00000, 0x0000000100000000)
  region size 1024K, 39 young (39936K), 1 survivors (1024K)
 Metaspace       used 77262K, committed 78080K, reserved 1179648K
  class space    used 11367K, committed 11712K, reserved 1048576K
}
Event: 36.351 GC heap after
{Heap after GC invocations=57 (full 0):
 garbage-first heap   total reserved 2019328K, committed 84992K, used 38966K [0x0000000084c00000, 0x0000000100000000)
  region size 1024K, 1 young (1024K), 1 survivors (1024K)
 Metaspace       used 77262K, committed 78080K, reserved 1179648K
  class space    used 11367K, committed 11712K, reserved 1048576K
}
Event: 37.758 GC heap before
{Heap before GC invocations=57 (full 0):
 garbage-first heap   total reserved 2019328K, committed 84992K, used 76854K [0x0000000084c00000, 0x0000000100000000)
  region size 1024K, 39 young (39936K), 1 survivors (1024K)
 Metaspace       used 77262K, committed 78080K, reserved 1179648K
  class space    used 11367K, committed 11712K, reserved 1048576K
}
Event: 37.762 GC heap after
{Heap after GC invocations=58 (full 0):
 garbage-first heap   total reserved 2019328K, committed 84992K, used 38736K [0x0000000084c00000, 0x0000000100000000)
  region size 1024K, 1 young (1024K), 1 survivors (1024K)
 Metaspace       used 77262K, committed 78080K, reserved 1179648K
  class space    used 11367K, committed 11712K, reserved 1048576K
}
Event: 39.523 GC heap before
{Heap before GC invocations=58 (full 0):
 garbage-first heap   total reserved 2019328K, committed 84992K, used 76624K [0x0000000084c00000, 0x0000000100000000)
  region size 1024K, 39 young (39936K), 1 survivors (1024K)
 Metaspace       used 77262K, committed 78080K, reserved 1179648K
  class space    used 11367K, committed 11712K, reserved 1048576K
}
Event: 39.526 GC heap after
{Heap after GC invocations=59 (full 0):
 garbage-first heap   total reserved 2019328K, committed 84992K, used 38785K [0x0000000084c00000, 0x0000000100000000)
  region size 1024K, 1 young (1024K), 1 survivors (1024K)
 Metaspace       used 77262K, committed 78080K, reserved 1179648K
  class space    used 11367K, committed 11712K, reserved 1048576K
}
Event: 41.038 GC heap before
{Heap before GC invocations=60 (full 0):
 garbage-first heap   total reserved 2019328K, committed 84992K, used 76673K [0x0000000084c00000, 0x0000000100000000)
  region size 1024K, 39 young (39936K), 1 survivors (1024K)
 Metaspace       used 77262K, committed 78080K, reserved 1179648K
  class space    used 11367K, committed 11712K, reserved 1048576K
}
Event: 41.040 GC heap after
{Heap after GC invocations=61 (full 0):
 garbage-first heap   total reserved 2019328K, committed 84992K, used 38762K [0x0000000084c00000, 0x0000000100000000)
  region size 1024K, 1 young (1024K), 1 survivors (1024K)
 Metaspace       used 77262K, committed 78080K, reserved 1179648K
  class space    used 11367K, committed 11712K, reserved 1048576K
}
Event: 42.733 GC heap before
{Heap before GC invocations=61 (full 0):
 garbage-first heap   total reserved 2019328K, committed 84992K, used 76650K [0x0000000084c00000, 0x0000000100000000)
  region size 1024K, 39 young (39936K), 1 survivors (1024K)
 Metaspace       used 77262K, committed 78080K, reserved 1179648K
  class space    used 11367K, committed 11712K, reserved 1048576K
}
Event: 42.737 GC heap after
{Heap after GC invocations=62 (full 0):
 garbage-first heap   total reserved 2019328K, committed 84992K, used 38565K [0x0000000084c00000, 0x0000000100000000)
  region size 1024K, 1 young (1024K), 1 survivors (1024K)
 Metaspace       used 77262K, committed 78080K, reserved 1179648K
  class space    used 11367K, committed 11712K, reserved 1048576K
}

